0 info it worked if it ends with ok
1 verbose cli [ '/usr/bin/node', '/usr/bin/npm', 'install', '-g', 'rimraf' ]
2 info using npm@1.4.28
3 info using node@v0.10.37
4 verbose node symlink /usr/bin/node
5 verbose cache add [ 'rimraf', null ]
6 verbose cache add name=undefined spec="rimraf" args=["rimraf",null]
7 verbose parsed url { protocol: null,
7 verbose parsed url   slashes: null,
7 verbose parsed url   auth: null,
7 verbose parsed url   host: null,
7 verbose parsed url   port: null,
7 verbose parsed url   hostname: null,
7 verbose parsed url   hash: null,
7 verbose parsed url   search: null,
7 verbose parsed url   query: null,
7 verbose parsed url   pathname: 'rimraf',
7 verbose parsed url   path: 'rimraf',
7 verbose parsed url   href: 'rimraf' }
8 silly lockFile d02b921e-rimraf rimraf
9 verbose lock rimraf /home/joel/.npm/d02b921e-rimraf.lock
10 silly lockFile d02b921e-rimraf rimraf
11 silly lockFile d02b921e-rimraf rimraf
12 verbose addNamed [ 'rimraf', '' ]
13 verbose addNamed [ null, '*' ]
14 silly lockFile 30545280-rimraf rimraf@
15 verbose lock rimraf@ /home/joel/.npm/30545280-rimraf.lock
16 silly addNameRange { name: 'rimraf', range: '*', hasData: false }
17 verbose request where is /rimraf
18 verbose request registry https://registry.npmjs.org/
19 verbose request id 8aef03b6ab901769
20 verbose url raw /rimraf
21 verbose url resolving [ 'https://registry.npmjs.org/', './rimraf' ]
22 verbose url resolved https://registry.npmjs.org/rimraf
23 verbose request where is https://registry.npmjs.org/rimraf
24 info trying registry request attempt 1 at 18:05:20
25 verbose etag "52YI4J80RQHFUIB1T5Y2UC2HS"
26 http GET https://registry.npmjs.org/rimraf
27 http 200 https://registry.npmjs.org/rimraf
28 silly registry.get cb [ 200,
28 silly registry.get   { server: 'CouchDB/1.5.0 (Erlang OTP/R16B03)',
28 silly registry.get     etag: '"JCZVC94EONTOK3HYNFT0LBQO"',
28 silly registry.get     'content-type': 'application/json',
28 silly registry.get     'cache-control': 'max-age=60',
28 silly registry.get     'content-length': '42106',
28 silly registry.get     'accept-ranges': 'bytes',
28 silly registry.get     date: 'Sun, 09 Aug 2015 15:05:21 GMT',
28 silly registry.get     via: '1.1 varnish',
28 silly registry.get     age: '52',
28 silly registry.get     connection: 'keep-alive',
28 silly registry.get     'x-served-by': 'cache-lhr6322-LHR',
28 silly registry.get     'x-cache': 'HIT',
28 silly registry.get     'x-cache-hits': '1',
28 silly registry.get     'x-timer': 'S1439132721.114738,VS0,VE1',
28 silly registry.get     vary: 'Accept' } ]
29 silly addNameRange number 2 { name: 'rimraf', range: '*', hasData: true }
30 silly addNameRange versions [ 'rimraf',
30 silly addNameRange   [ '1.0.0',
30 silly addNameRange     '1.0.1',
30 silly addNameRange     '1.0.2',
30 silly addNameRange     '1.0.4',
30 silly addNameRange     '1.0.5',
30 silly addNameRange     '1.0.6',
30 silly addNameRange     '1.0.7',
30 silly addNameRange     '1.0.8',
30 silly addNameRange     '1.0.9',
30 silly addNameRange     '2.0.0',
30 silly addNameRange     '2.0.1',
30 silly addNameRange     '2.0.2',
30 silly addNameRange     '2.0.3',
30 silly addNameRange     '2.1.0',
30 silly addNameRange     '2.1.1',
30 silly addNameRange     '2.1.2',
30 silly addNameRange     '2.1.3',
30 silly addNameRange     '2.1.4',
30 silly addNameRange     '2.2.0',
30 silly addNameRange     '2.2.1',
30 silly addNameRange     '2.2.2',
30 silly addNameRange     '2.2.3',
30 silly addNameRange     '2.2.4',
30 silly addNameRange     '2.2.5',
30 silly addNameRange     '2.2.6',
30 silly addNameRange     '2.2.8',
30 silly addNameRange     '2.3.0',
30 silly addNameRange     '2.3.1',
30 silly addNameRange     '2.3.2',
30 silly addNameRange     '2.3.3',
30 silly addNameRange     '2.3.4',
30 silly addNameRange     '2.4.0',
30 silly addNameRange     '2.4.1',
30 silly addNameRange     '2.4.2' ] ]
31 verbose addNamed [ 'rimraf', '2.4.2' ]
32 verbose addNamed [ '2.4.2', '2.4.2' ]
33 silly lockFile 5d18add8-rimraf-2-4-2 rimraf@2.4.2
34 verbose lock rimraf@2.4.2 /home/joel/.npm/5d18add8-rimraf-2-4-2.lock
35 silly lockFile 5d18add8-rimraf-2-4-2 rimraf@2.4.2
36 silly lockFile 5d18add8-rimraf-2-4-2 rimraf@2.4.2
37 silly lockFile 30545280-rimraf rimraf@
38 silly lockFile 30545280-rimraf rimraf@
39 silly resolved [ { name: 'rimraf',
39 silly resolved     version: '2.4.2',
39 silly resolved     main: 'rimraf.js',
39 silly resolved     description: 'A deep deletion module for node (like `rm -rf`)',
39 silly resolved     author:
39 silly resolved      { name: 'Isaac Z. Schlueter',
39 silly resolved        email: 'i@izs.me',
39 silly resolved        url: 'http://blog.izs.me/' },
39 silly resolved     license: 'ISC',
39 silly resolved     repository: { type: 'git', url: 'git://github.com/isaacs/rimraf.git' },
39 silly resolved     scripts: { test: 'tap test/*.js' },
39 silly resolved     bin: { rimraf: './bin.js' },
39 silly resolved     dependencies: { glob: '^5.0.14' },
39 silly resolved     files: [ 'LICENSE', 'README.md', 'bin.js', 'rimraf.js' ],
39 silly resolved     devDependencies: { mkdirp: '^0.5.1', tap: '^1.3.1' },
39 silly resolved     gitHead: '4359e9d3b3c0f26e6abe3139a00b93337f1689d7',
39 silly resolved     bugs: { url: 'https://github.com/isaacs/rimraf/issues' },
39 silly resolved     homepage: 'https://github.com/isaacs/rimraf#readme',
39 silly resolved     _id: 'rimraf@2.4.2',
39 silly resolved     _shasum: 'ab4f39b08b72eae07c3d9fe9f4831aebfc9f431d',
39 silly resolved     _from: 'rimraf@',
39 silly resolved     _npmVersion: '3.1.0',
39 silly resolved     _nodeVersion: '2.2.1',
39 silly resolved     _npmUser: { name: 'isaacs', email: 'isaacs@npmjs.com' },
39 silly resolved     dist:
39 silly resolved      { shasum: 'ab4f39b08b72eae07c3d9fe9f4831aebfc9f431d',
39 silly resolved        tarball: 'http://registry.npmjs.org/rimraf/-/rimraf-2.4.2.tgz' },
39 silly resolved     maintainers: [ [Object] ],
39 silly resolved     directories: {},
39 silly resolved     _resolved: 'https://registry.npmjs.org/rimraf/-/rimraf-2.4.2.tgz',
39 silly resolved     readme: 'ERROR: No README data found!' } ]
40 info install rimraf@2.4.2 into /usr/lib
41 info installOne rimraf@2.4.2
42 verbose lib/node_modules/rimraf unbuild
43 verbose tar unpack /home/joel/.npm/rimraf/2.4.2/package.tgz
44 silly lockFile 710927b1-tar-usr-lib-node-modules-rimraf tar:///usr/lib/node_modules/rimraf
45 verbose lock tar:///usr/lib/node_modules/rimraf /home/joel/.npm/710927b1-tar-usr-lib-node-modules-rimraf.lock
46 silly lockFile 8055f010-oel-npm-rimraf-2-4-2-package-tgz tar:///home/joel/.npm/rimraf/2.4.2/package.tgz
47 verbose lock tar:///home/joel/.npm/rimraf/2.4.2/package.tgz /home/joel/.npm/8055f010-oel-npm-rimraf-2-4-2-package-tgz.lock
48 silly gunzTarPerm modes [ '775', '664' ]
49 error Error: EACCES, mkdir '/usr/lib/node_modules/rimraf'
49 error  { [Error: EACCES, mkdir '/usr/lib/node_modules/rimraf']
49 error   errno: 3,
49 error   code: 'EACCES',
49 error   path: '/usr/lib/node_modules/rimraf',
49 error   fstream_type: 'Directory',
49 error   fstream_path: '/usr/lib/node_modules/rimraf',
49 error   fstream_class: 'DirWriter',
49 error   fstream_stack:
49 error    [ '/usr/lib/node_modules/npm/node_modules/fstream/lib/dir-writer.js:36:23',
49 error      '/usr/lib/node_modules/npm/node_modules/mkdirp/index.js:46:53',
49 error      'Object.oncomplete (fs.js:108:15)' ] }
50 error Please try running this command again as root/Administrator.
51 error System Linux 3.16.0-30-generic
52 error command "/usr/bin/node" "/usr/bin/npm" "install" "-g" "rimraf"
53 error cwd /home/joel/Sites/dms
54 error node -v v0.10.37
55 error npm -v 1.4.28
56 error path /usr/lib/node_modules/rimraf
57 error fstream_path /usr/lib/node_modules/rimraf
58 error fstream_type Directory
59 error fstream_class DirWriter
60 error code EACCES
61 error errno 3
62 error stack Error: EACCES, mkdir '/usr/lib/node_modules/rimraf'
63 error fstream_stack /usr/lib/node_modules/npm/node_modules/fstream/lib/dir-writer.js:36:23
63 error fstream_stack /usr/lib/node_modules/npm/node_modules/mkdirp/index.js:46:53
63 error fstream_stack Object.oncomplete (fs.js:108:15)
64 verbose exit [ 3, true ]
